  274  cd CS131
  275  ls
  276  cd ..
  277  cd CS131
  278  wget https://raw.githubusercontent.com/khanchandaniashish/CS131/main/Global%20YouTube%20Statistics.csv
  279  ls
  280  grep "United States" Global YouTube Statistics.csv
  281  grep "United States" "Global YouTube Statistics.csv"
  282  grep "Music" "Global YouTube Statistics.csv"
  283  grep "Music" "Global YouTube Statistics.csv" | wc
  284  grep "Music" "Global YouTube Statistics.csv" | wc > counts.txt
  285  ls
  286  mkdir Worksheet2
  287  mv counts.txt Worksheet2
  288  mv "Global YouTube Statistics.csv"
  289  mv 'Global YouTube Statistics.csv'
  290  mv 'Global YouTube Statistics.csv' Worksheet2
  291  cd Worksheet2
  292  ls
  293  vi counts.txt
  294  history > WS2cmds.log
